<?xml version="1.0" encoding="UTF-8" standalone="no"?><testsuite errors="1" failures="0" name="tests.LoginAndBuyProductTest" skipped="0" tests="1" time="5.95" timestamp="2024-10-18 04:45:32"><testcase classname="tests.LoginAndBuyProductTest" name="Test login and buying product"><error message="No line found" type="java.util.NoSuchElementException">No line found</error><system-err>No line found&#13;
tests.LoginAndBuyProductTest.testLoginAndBuyingProduct(LoginAndBuyProductTest.java:27)&#13;
</system-err></testcase></testsuite>