<?xml version="1.0" encoding="UTF-8" standalone="no"?><testsuite errors="1" failures="0" name="steps.LoginSteps" skipped="0" tests="1" time="0.12" timestamp="2024-10-17 08:06:13"><testcase classname="steps.LoginSteps" name="Login to page"><error message="The actor User does not have the ability to browse the web" type="net.serenitybdd.screenplay.exceptions.ActorCannotBrowseTheWebException">The actor User does not have the ability to browse the web</error><system-err>The actor User does not have the ability to browse the web&#13;
tasks.LoginTask.performAs(LoginTask.java:30)&#13;
steps.LoginSteps.loginToPage(LoginSteps.java:32)&#13;
worker.org.gradle.process.internal.worker.GradleWorkerMain.run(GradleWorkerMain.java:69)&#13;
worker.org.gradle.process.internal.worker.GradleWorkerMain.main(GradleWorkerMain.java:74)&#13;
</system-err></testcase></testsuite>